mode: set
github.com/kurnhyalcantara/teman-petani/libs/database/wrapper/database_wrapper.go:10.62,12.2 1 0
github.com/kurnhyalcantara/teman-petani/libs/database/wrapper/database_wrapper.go:15.51,17.2 1 0
github.com/kurnhyalcantara/teman-petani/libs/database/wrapper/database_wrapper.go:20.93,22.16 2 0
github.com/kurnhyalcantara/teman-petani/libs/database/wrapper/database_wrapper.go:22.16,24.3 1 0
github.com/kurnhyalcantara/teman-petani/libs/database/wrapper/database_wrapper.go:26.2,27.16 2 0
github.com/kurnhyalcantara/teman-petani/libs/database/wrapper/database_wrapper.go:31.50,33.2 1 0
github.com/kurnhyalcantara/teman-petani/libs/database/wrapper/database_wrapper.go:36.66,38.2 1 0
github.com/kurnhyalcantara/teman-petani/libs/database/wrapper/database_wrapper.go:41.66,43.2 1 0
github.com/kurnhyalcantara/teman-petani/libs/database/wrapper/mocks/mocks.go:17.65,20.19 2 0
github.com/kurnhyalcantara/teman-petani/libs/database/wrapper/mocks/mocks.go:20.19,21.47 1 0
github.com/kurnhyalcantara/teman-petani/libs/database/wrapper/mocks/mocks.go:24.2,26.56 3 0
github.com/kurnhyalcantara/teman-petani/libs/database/wrapper/mocks/mocks.go:26.56,28.3 1 0
github.com/kurnhyalcantara/teman-petani/libs/database/wrapper/mocks/mocks.go:29.2,29.47 1 0
github.com/kurnhyalcantara/teman-petani/libs/database/wrapper/mocks/mocks.go:29.47,31.3 1 0
github.com/kurnhyalcantara/teman-petani/libs/database/wrapper/mocks/mocks.go:31.8,32.24 1 0
github.com/kurnhyalcantara/teman-petani/libs/database/wrapper/mocks/mocks.go:32.24,34.4 1 0
github.com/kurnhyalcantara/teman-petani/libs/database/wrapper/mocks/mocks.go:37.2,37.45 1 0
github.com/kurnhyalcantara/teman-petani/libs/database/wrapper/mocks/mocks.go:37.45,39.3 1 0
github.com/kurnhyalcantara/teman-petani/libs/database/wrapper/mocks/mocks.go:39.8,41.3 1 0
github.com/kurnhyalcantara/teman-petani/libs/database/wrapper/mocks/mocks.go:43.2,43.15 1 0
github.com/kurnhyalcantara/teman-petani/libs/database/wrapper/mocks/mocks.go:47.54,50.19 2 0
github.com/kurnhyalcantara/teman-petani/libs/database/wrapper/mocks/mocks.go:50.19,51.47 1 0
github.com/kurnhyalcantara/teman-petani/libs/database/wrapper/mocks/mocks.go:54.2,55.45 2 0
github.com/kurnhyalcantara/teman-petani/libs/database/wrapper/mocks/mocks.go:55.45,57.3 1 0
github.com/kurnhyalcantara/teman-petani/libs/database/wrapper/mocks/mocks.go:57.8,59.3 1 0
github.com/kurnhyalcantara/teman-petani/libs/database/wrapper/mocks/mocks.go:61.2,61.11 1 0
github.com/kurnhyalcantara/teman-petani/libs/database/wrapper/mocks/mocks.go:65.96,68.19 2 0
github.com/kurnhyalcantara/teman-petani/libs/database/wrapper/mocks/mocks.go:68.19,69.46 1 0
github.com/kurnhyalcantara/teman-petani/libs/database/wrapper/mocks/mocks.go:72.2,74.70 3 0
github.com/kurnhyalcantara/teman-petani/libs/database/wrapper/mocks/mocks.go:74.70,76.3 1 0
github.com/kurnhyalcantara/teman-petani/libs/database/wrapper/mocks/mocks.go:77.2,77.61 1 0
github.com/kurnhyalcantara/teman-petani/libs/database/wrapper/mocks/mocks.go:77.61,79.3 1 0
github.com/kurnhyalcantara/teman-petani/libs/database/wrapper/mocks/mocks.go:79.8,80.24 1 0
github.com/kurnhyalcantara/teman-petani/libs/database/wrapper/mocks/mocks.go:80.24,82.4 1 0
github.com/kurnhyalcantara/teman-petani/libs/database/wrapper/mocks/mocks.go:85.2,85.59 1 0
github.com/kurnhyalcantara/teman-petani/libs/database/wrapper/mocks/mocks.go:85.59,87.3 1 0
github.com/kurnhyalcantara/teman-petani/libs/database/wrapper/mocks/mocks.go:87.8,89.3 1 0
github.com/kurnhyalcantara/teman-petani/libs/database/wrapper/mocks/mocks.go:91.2,91.15 1 0
github.com/kurnhyalcantara/teman-petani/libs/database/wrapper/mocks/mocks.go:95.53,98.19 2 0
github.com/kurnhyalcantara/teman-petani/libs/database/wrapper/mocks/mocks.go:98.19,99.46 1 0
github.com/kurnhyalcantara/teman-petani/libs/database/wrapper/mocks/mocks.go:102.2,103.45 2 0
github.com/kurnhyalcantara/teman-petani/libs/database/wrapper/mocks/mocks.go:103.45,105.3 1 0
github.com/kurnhyalcantara/teman-petani/libs/database/wrapper/mocks/mocks.go:105.8,107.3 1 0
github.com/kurnhyalcantara/teman-petani/libs/database/wrapper/mocks/mocks.go:109.2,109.11 1 0
github.com/kurnhyalcantara/teman-petani/libs/database/wrapper/mocks/mocks.go:113.69,115.2 1 0
github.com/kurnhyalcantara/teman-petani/libs/database/wrapper/mocks/mocks.go:118.69,120.2 1 0
github.com/kurnhyalcantara/teman-petani/libs/database/wrapper/mocks/mocks.go:127.33,131.19 3 0
github.com/kurnhyalcantara/teman-petani/libs/database/wrapper/mocks/mocks.go:131.19,131.49 1 0
github.com/kurnhyalcantara/teman-petani/libs/database/wrapper/mocks/mocks.go:133.2,133.13 1 0
github.com/kurnhyalcantara/teman-petani/libs/database/database.go:33.60,39.2 1 0
github.com/kurnhyalcantara/teman-petani/libs/database/database.go:41.31,53.16 4 1
github.com/kurnhyalcantara/teman-petani/libs/database/database.go:53.16,55.3 1 1
github.com/kurnhyalcantara/teman-petani/libs/database/database.go:57.2,57.12 1 1
github.com/kurnhyalcantara/teman-petani/libs/database/database.go:60.34,61.6 1 1
github.com/kurnhyalcantara/teman-petani/libs/database/database.go:61.6,66.17 4 1
github.com/kurnhyalcantara/teman-petani/libs/database/database.go:66.17,69.4 2 1
github.com/kurnhyalcantara/teman-petani/libs/database/database.go:71.3,71.39 1 1
github.com/kurnhyalcantara/teman-petani/libs/database/database.go:71.39,74.4 2 1
github.com/kurnhyalcantara/teman-petani/libs/database/database.go:78.39,79.20 1 1
github.com/kurnhyalcantara/teman-petani/libs/database/database.go:79.20,81.3 1 0
github.com/kurnhyalcantara/teman-petani/libs/database/database.go:82.2,82.48 1 1
github.com/kurnhyalcantara/teman-petani/libs/database/database.go:82.48,85.3 2 0
github.com/kurnhyalcantara/teman-petani/libs/database/database.go:86.2,86.12 1 1
github.com/kurnhyalcantara/teman-petani/libs/database/database.go:89.40,93.2 3 1
github.com/kurnhyalcantara/teman-petani/libs/database/database.go:95.28,97.2 1 1
github.com/kurnhyalcantara/teman-petani/libs/database/database.go:99.42,101.2 1 0
github.com/kurnhyalcantara/teman-petani/libs/database/database.go:103.44,105.2 1 1
github.com/kurnhyalcantara/teman-petani/libs/database/database.go:107.44,109.2 1 1
github.com/kurnhyalcantara/teman-petani/libs/database/wrapper/database_wrapper.go:10.62,12.2 1 0
github.com/kurnhyalcantara/teman-petani/libs/database/wrapper/database_wrapper.go:15.51,17.2 1 0
github.com/kurnhyalcantara/teman-petani/libs/database/wrapper/database_wrapper.go:20.93,22.16 2 0
github.com/kurnhyalcantara/teman-petani/libs/database/wrapper/database_wrapper.go:22.16,24.3 1 0
github.com/kurnhyalcantara/teman-petani/libs/database/wrapper/database_wrapper.go:26.2,27.16 2 0
github.com/kurnhyalcantara/teman-petani/libs/database/wrapper/database_wrapper.go:31.50,33.2 1 0
github.com/kurnhyalcantara/teman-petani/libs/database/wrapper/database_wrapper.go:36.66,38.2 1 0
github.com/kurnhyalcantara/teman-petani/libs/database/wrapper/database_wrapper.go:41.66,43.2 1 0
github.com/kurnhyalcantara/teman-petani/libs/database/wrapper/mocks/mocks.go:17.65,20.19 2 1
github.com/kurnhyalcantara/teman-petani/libs/database/wrapper/mocks/mocks.go:20.19,21.47 1 0
github.com/kurnhyalcantara/teman-petani/libs/database/wrapper/mocks/mocks.go:24.2,26.56 3 1
github.com/kurnhyalcantara/teman-petani/libs/database/wrapper/mocks/mocks.go:26.56,28.3 1 0
github.com/kurnhyalcantara/teman-petani/libs/database/wrapper/mocks/mocks.go:29.2,29.47 1 1
github.com/kurnhyalcantara/teman-petani/libs/database/wrapper/mocks/mocks.go:29.47,31.3 1 0
github.com/kurnhyalcantara/teman-petani/libs/database/wrapper/mocks/mocks.go:31.8,32.24 1 1
github.com/kurnhyalcantara/teman-petani/libs/database/wrapper/mocks/mocks.go:32.24,34.4 1 1
github.com/kurnhyalcantara/teman-petani/libs/database/wrapper/mocks/mocks.go:37.2,37.45 1 1
github.com/kurnhyalcantara/teman-petani/libs/database/wrapper/mocks/mocks.go:37.45,39.3 1 0
github.com/kurnhyalcantara/teman-petani/libs/database/wrapper/mocks/mocks.go:39.8,41.3 1 1
github.com/kurnhyalcantara/teman-petani/libs/database/wrapper/mocks/mocks.go:43.2,43.15 1 1
github.com/kurnhyalcantara/teman-petani/libs/database/wrapper/mocks/mocks.go:47.54,50.19 2 0
github.com/kurnhyalcantara/teman-petani/libs/database/wrapper/mocks/mocks.go:50.19,51.47 1 0
github.com/kurnhyalcantara/teman-petani/libs/database/wrapper/mocks/mocks.go:54.2,55.45 2 0
github.com/kurnhyalcantara/teman-petani/libs/database/wrapper/mocks/mocks.go:55.45,57.3 1 0
github.com/kurnhyalcantara/teman-petani/libs/database/wrapper/mocks/mocks.go:57.8,59.3 1 0
github.com/kurnhyalcantara/teman-petani/libs/database/wrapper/mocks/mocks.go:61.2,61.11 1 0
github.com/kurnhyalcantara/teman-petani/libs/database/wrapper/mocks/mocks.go:65.96,68.19 2 1
github.com/kurnhyalcantara/teman-petani/libs/database/wrapper/mocks/mocks.go:68.19,69.46 1 0
github.com/kurnhyalcantara/teman-petani/libs/database/wrapper/mocks/mocks.go:72.2,74.70 3 1
github.com/kurnhyalcantara/teman-petani/libs/database/wrapper/mocks/mocks.go:74.70,76.3 1 0
github.com/kurnhyalcantara/teman-petani/libs/database/wrapper/mocks/mocks.go:77.2,77.61 1 1
github.com/kurnhyalcantara/teman-petani/libs/database/wrapper/mocks/mocks.go:77.61,79.3 1 0
github.com/kurnhyalcantara/teman-petani/libs/database/wrapper/mocks/mocks.go:79.8,80.24 1 1
github.com/kurnhyalcantara/teman-petani/libs/database/wrapper/mocks/mocks.go:80.24,82.4 1 1
github.com/kurnhyalcantara/teman-petani/libs/database/wrapper/mocks/mocks.go:85.2,85.59 1 1
github.com/kurnhyalcantara/teman-petani/libs/database/wrapper/mocks/mocks.go:85.59,87.3 1 0
github.com/kurnhyalcantara/teman-petani/libs/database/wrapper/mocks/mocks.go:87.8,89.3 1 1
github.com/kurnhyalcantara/teman-petani/libs/database/wrapper/mocks/mocks.go:91.2,91.15 1 1
github.com/kurnhyalcantara/teman-petani/libs/database/wrapper/mocks/mocks.go:95.53,98.19 2 1
github.com/kurnhyalcantara/teman-petani/libs/database/wrapper/mocks/mocks.go:98.19,99.46 1 0
github.com/kurnhyalcantara/teman-petani/libs/database/wrapper/mocks/mocks.go:102.2,103.45 2 1
github.com/kurnhyalcantara/teman-petani/libs/database/wrapper/mocks/mocks.go:103.45,105.3 1 0
github.com/kurnhyalcantara/teman-petani/libs/database/wrapper/mocks/mocks.go:105.8,107.3 1 1
github.com/kurnhyalcantara/teman-petani/libs/database/wrapper/mocks/mocks.go:109.2,109.11 1 1
github.com/kurnhyalcantara/teman-petani/libs/database/wrapper/mocks/mocks.go:113.69,115.2 1 1
github.com/kurnhyalcantara/teman-petani/libs/database/wrapper/mocks/mocks.go:118.69,120.2 1 1
github.com/kurnhyalcantara/teman-petani/libs/database/wrapper/mocks/mocks.go:127.33,131.19 3 0
github.com/kurnhyalcantara/teman-petani/libs/database/wrapper/mocks/mocks.go:131.19,131.49 1 0
github.com/kurnhyalcantara/teman-petani/libs/database/wrapper/mocks/mocks.go:133.2,133.13 1 0
